<?xml version="1.0" encoding="UTF-8" ?>
<testsuite failures="0" time="0.313" errors="0" skipped="0" tests="6" name="com.rosenvold.spring.SpringContextAnalyzerTest">
  <properties>
[...]
</properties>
  <testcase time="0.016" classname="com.rosenvold.spring.SpringContextAnalyzerTest" name="testAnalyzeCurrentSpringContext"/>
  <testcase time="0" classname="com.rosenvold.spring.SpringContextAnalyzerTest" name="checkAnnotation"/>
  <testcase time="0" classname="com.rosenvold.spring.SpringContextAnalyzerTest" name="checkNonPresentAnnotation"/>
  <testcase time="0" classname="com.rosenvold.spring.SpringContextAnalyzerTest" name="testGetFieldProblems"/>
  <testcase time="0" classname="com.rosenvold.spring.SpringContextAnalyzerTest" name="testProxySitutation"/>
  <testcase time="0" classname="com.rosenvold.spring.SpringContextAnalyzerTest" name="testProps"/>
</testsuite>